MPASM  5.51                          P2_1.ASM   7-22-2015  13:20:47         PAGE  1


LOC  OBJECT CODE     LINE SOURCE TEXT
  VALUE

                      00001 ;===============================================================================================
                      00002 ;
                      00003 ;       Author                                  : Cytron Technologies
                      00004 ;   Project                                     : DIY Project Seven Segment decoder.
                      00005 ;       Project Descrription    : PIC16F84A is used in this project. 
                      00006 ;       Date                                    : 26 May 2009
                      00007 ;
                      00008 ;===============================================================================================
                      00009 
                      00010 ;===============================================================================================
                      00011 ; Project Description
                      00012 ;===============================================================================================
                      00013 ;   This file is a basic code template for assembly code generation   
                      00014 ;   on the PICmicro PIC16F84A. This file contains the basic code      
                      00015 ;   building blocks to build upon.                                      
                      00016 ;                                                                     
                      00017 ;   If interrupts are not used all code presented between the ORG     
                      00018 ;   0x004 directive and the label main can be removed. In addition    
                      00019 ;   the variable assignments for 'w_temp' and 'status_temp' can       
                      00020 ;   be removed.                                                                               
                      00021 ;                                                                     
                      00022 ;   Refer to the MPASM User's Guide for additional information on     
                      00023 ;   features of the assembler (Document DS33014).                     
                      00024 ;                                                                    
                      00025 ;   Refer to the respective PICmicro data sheet for additional        
                      00026 ;   information on the instruction set.                               
                      00027 ;                                                                     
                      00028 ;   Template file assembled with MPLAB V8.30.00 and MPASM V5.30.10.   
                      00029 ;  
                      00030 ;================================================================================================       
                                                                                        
                      00031        
                      00032 ;================================================================================================
                      00033 ;                                                                     
                      00034 ;    Files required:                                                  
                      00035 ;                                                                     
                      00036 ;================================================================================================       
                                                                                         
                      00037 ;                                                                                                       
                                                              
                      00038 ;    Notes:                                                           
                      00039 ;     1. For beginner, the parts that you need to edit are: BANK, TRIS, PORT, DELAY                     
                                                                        
                      00040 ;     2. All the general I/O pin only can use as input or output with the prior setting at TRIS.        
                                                                                     
                      00041 ;     3. Let say in this case, we use pin 1,2 and 3 (RA2, RA3, RA4) as input and pin 10,11,12 (RB4, RB5,
                             RB6) as output. So, we must 
                      00042 ;        set TRISA,2 TRISA,3 TRISA,4 to '1' and TRISB,4 TRISB,5 TRISB,6 to '0'(in assembly, set '1' we u
                            se BSF, set '0' we use BCF
                      00043 ;        which we can write in this way: 
                      00044 ;                                                                               BSF     TRISA,2         
                                                                         
                      00045 ;                                        BSF    TRISA,3
MPASM  5.51                          P2_1.ASM   7-22-2015  13:20:47         PAGE  2


LOC  OBJECT CODE     LINE SOURCE TEXT
  VALUE

                      00046 ;                                                                            BSF        TRISA,4  
                      00047 ;
                      00048 ;                                                                                BCF    TRISB,4
                      00049 ;                                                                                BCF    TRISB,5
                      00050 ;                                                                                BCF    TRISB,6
                      00051 ;     4. But, pls remember that before you can change TRISA, you need to switch from BANK0 to BANK1, the
                            n switch back to BANK0 after
                      00052 ;        setting the TRISA.BANK0 is used to control the actual operation of the PIC.For example to tell 
                            the PIC which bits of Port 
                      00053 ;        are input and which are output.BANK1 is used to manipulated the data. 
                      00054 ;     5. Bare in mind that in programming, we read the input; and write the output. 
                      00055 ;     6. In assembly, to read we use BTFSC or BTFSS; while to write we use MOVLW, MOVWF, CLF, BSF or BCF
                            . (and other type of 
                      00056 ;        insrtuction that you can refer to PIC datasheet)   
                      00057 ;     7. DELAY is a kind of method that we used to use it to delay our PIC for some operation.
                      00058 ;         8. We already prepare the DELAY subroutine, you just CALL DELAY when you need it.
                      00059 ;     9. You also can change the delay time by changing the value in DELAY subroutine. (the maximum valu
                            e is 255)          
                      00060 ;
                      00061 ;===================================================================================================
                      00062 
                      00063 
                      00064         list      p=16F84A            ; list directive to define processor
                      00065         #include <p16F84A.inc>        ; processor specific variable definitions
                      00001         LIST
                      00002 
                      00003 ;==========================================================================
                      00004 ;  MPASM PIC16F84A processor include
                      00005 ; 
                      00006 ;  (c) Copyright 1999-2013 Microchip Technology, All rights reserved
                      00007 ;==========================================================================
                      00008 
                      00208         LIST
                      00066 
2007   3FF2           00067         __CONFIG   0X3FF2
                      00068 
                      00069 ; '__CONFIG' directive is used to embed configuration data within .asm file.
                      00070 ; The lables following the directive are located in the respective .inc file.
                      00071 ; See respective data sheet for additional information on configuration word.
                      00072 
                      00073 
                      00074 
                      00075 
                      00076 ;============================================================================================ 
                      00077 ; VARIABLE DEFINITION
                      00078 ;============================================================================================
                      00079 
  00000020            00080 D1                      EQU             0X20    ;FOR DELAY
  00000021            00081 D2                      EQU             0X21    ;FOR DELAY
  00000022            00082 D3                      EQU             0X22    ;FOR DELAY
                      00083 
                      00084 
                      00085 
MPASM  5.51                          P2_1.ASM   7-22-2015  13:20:47         PAGE  3


LOC  OBJECT CODE     LINE SOURCE TEXT
  VALUE

                      00086 ;===========================================================================================
                      00087 ; WRITE YOUR PROGRAM HERE
                      00088 ;===========================================================================================
0000                  00089                 ORG     0x000             ; processor reset vector
0000   2801           00090                 goto    main              ; go to beginning of program
                      00091 
0001                  00092 main
                      00093 
                      00094 ; initialize of your PIC, setting the general I/O in TRIS               
                      00095 
0001   1683           00096                 BSF             STATUS,5                                ;SWITCH TO BANK1 ;BIT 5 OF STATU
                            S REGISTER IS SET TO 1
Message[302]: Register in operand not in bank 0.  Ensure that bank bits are correct.
0002   0186           00097                 CLRF    TRISB                                   ;SET PORTB AS OUTPUT
Message[302]: Register in operand not in bank 0.  Ensure that bank bits are correct.
0003   1505           00098                 BSF             TRISA,2                                 ;SET RA2 AS INPUT
Message[302]: Register in operand not in bank 0.  Ensure that bank bits are correct.
0004   1585           00099                 BSF             TRISA,3                                 ;SET RA3 AS INPUT
Message[302]: Register in operand not in bank 0.  Ensure that bank bits are correct.
0005   1605           00100                 BSF             TRISA,4                                 ;SET RA4 AS INPUT
0006   1283           00101                 BCF             STATUS,5                                ;SWITCH TO BANK0 ;BIT 5 OF STATU
                            S REGISTER IS SET TO 0
                      00102 
0007   30FF           00103                 MOVLW   B'11111111'
0008   0086           00104                 MOVWF   PORTB                                   ;SET ALL 8 PIN IN PORTB TO HIGH(1)
                      00105 
                      00106 ;the main program begin here
                      00107 
0009                  00108 START
0009   30F0           00109                 MOVLW           B'11110000'                     ;DISPLAY '0'
000A   0086           00110                 MOVWF           PORTB
000B   2028           00111                 CALL            DELAY
000C   30F1           00112                 MOVLW           B'11110001'                     ;DISPLAY '1'
000D   0086           00113                 MOVWF           PORTB
000E   2028           00114                 CALL            DELAY
000F   30F2           00115                 MOVLW           B'11110010'                     ;DISPLAY '2'            
0010   0086           00116                 MOVWF           PORTB
0011   2028           00117                 CALL            DELAY
0012   30F3           00118                 MOVLW           B'11110011'                     ;DISPLAY '3'
0013   0086           00119                 MOVWF           PORTB
0014   2028           00120                 CALL            DELAY
0015   30F4           00121                 MOVLW           B'11110100'                     ;DISPLAY '4'
0016   0086           00122                 MOVWF           PORTB
0017   2028           00123                 CALL            DELAY
0018   30F5           00124                 MOVLW           B'11110101'                     ;DISPLAY '5'
0019   0086           00125                 MOVWF           PORTB
001A   2028           00126                 CALL            DELAY
001B   30F6           00127                 MOVLW           B'11110110'                     ;DISPLAY '6'
001C   0086           00128                 MOVWF           PORTB
001D   2028           00129                 CALL            DELAY
001E   30F7           00130                 MOVLW           B'11110111'                     ;DISPLAY '7'
001F   0086           00131                 MOVWF           PORTB
0020   2028           00132                 CALL            DELAY
MPASM  5.51                          P2_1.ASM   7-22-2015  13:20:47         PAGE  4


LOC  OBJECT CODE     LINE SOURCE TEXT
  VALUE

0021   30F8           00133                 MOVLW           B'11111000'                     ;DISPLAY '8'
0022   0086           00134                 MOVWF           PORTB
0023   2028           00135                 CALL            DELAY
0024   30F9           00136                 MOVLW           B'11111001'                     ;DISPLAY '9'
0025   0086           00137                 MOVWF           PORTB
0026   2028           00138                 CALL            DELAY
0027   2809           00139                 GOTO            START                           ;after display'9',program will jump to S
                            TART subroutine to display '0'
                      00140                                                                                 ;untill reset button pre
                            ssed.
                      00141 
                      00142 
                      00143 
                      00144 ;================================================================================================
                      00145 ; DELAY SUBROUTINE
                      00146 ;================================================================================================
0028   30FF           00147 DELAY           MOVLW   D'255'                  ;PAUSE FOR ABOUT 500mS (u can change the 200, 3, 1 value
                             to obtain different delay timing)
0029   00A2           00148                         MOVWF   D3
002A   3096           00149                         MOVLW   D'150'
002B   00A1           00150                         MOVWF   D2
002C   3014           00151                         MOVLW   D'20'
002D   00A0           00152                         MOVWF   D1
Message[305]: Using default destination of 1 (file).
002E   0BA0           00153                         DECFSZ  D1
002F   282E           00154                         GOTO    $-1
Message[305]: Using default destination of 1 (file).
0030   0BA1           00155                         DECFSZ  D2
0031   282C           00156                         GOTO    $-5
Message[305]: Using default destination of 1 (file).
0032   0BA2           00157                         DECFSZ  D3
0033   282A           00158                         GOTO    $-9
0034   0008           00159                         RETURN
                      00160 
                      00161 
                      00162                 END                     ; directive 'end of program'
MPASM  5.51                          P2_1.ASM   7-22-2015  13:20:47         PAGE  5


SYMBOL TABLE
  LABEL                             VALUE 

C                                 00000000
D1                                00000020
D2                                00000021
D3                                00000022
DC                                00000001
DELAY                             00000028
EEADR                             00000009
EECON1                            00000088
EECON2                            00000089
EEDATA                            00000008
EEIE                              00000006
EEIF                              00000004
F                                 00000001
FSR                               00000004
GIE                               00000007
INDF                              00000000
INTCON                            0000000B
INTE                              00000004
INTEDG                            00000006
INTF                              00000001
IRP                               00000007
NOT_PD                            00000003
NOT_RBPU                          00000007
NOT_TO                            00000004
OPTION_REG                        00000081
PCL                               00000002
PCLATH                            0000000A
PORTA                             00000005
PORTB                             00000006
PS0                               00000000
PS1                               00000001
PS2                               00000002
PSA                               00000003
RA0                               00000000
RA1                               00000001
RA2                               00000002
RA3                               00000003
RA4                               00000004
RB0                               00000000
RB1                               00000001
RB2                               00000002
RB3                               00000003
RB4                               00000004
RB5                               00000005
RB6                               00000006
RB7                               00000007
RBIE                              00000003
RBIF                              00000000
RD                                00000000
RP0                               00000005
RP1                               00000006
START                             00000009
STATUS                            00000003
MPASM  5.51                          P2_1.ASM   7-22-2015  13:20:47         PAGE  6


SYMBOL TABLE
  LABEL                             VALUE 

T0CS                              00000005
T0IE                              00000005
T0IF                              00000002
T0SE                              00000004
TMR0                              00000001
TMR0IE                            00000005
TMR0IF                            00000002
TRISA                             00000085
TRISA0                            00000000
TRISA1                            00000001
TRISA2                            00000002
TRISA3                            00000003
TRISA4                            00000004
TRISB                             00000086
TRISB0                            00000000
TRISB1                            00000001
TRISB2                            00000002
TRISB3                            00000003
TRISB4                            00000004
TRISB5                            00000005
TRISB6                            00000006
TRISB7                            00000007
W                                 00000000
WR                                00000001
WREN                              00000002
WRERR                             00000003
Z                                 00000002
_CONFIG                           00002007
_CP_OFF                           00003FFF
_CP_ON                            0000000F
_DEVID1                           00002006
_FOSC_EXTRC                       00003FFF
_FOSC_HS                          00003FFE
_FOSC_LP                          00003FFC
_FOSC_XT                          00003FFD
_HS_OSC                           00003FFE
_IDLOC0                           00002000
_IDLOC1                           00002001
_IDLOC2                           00002002
_IDLOC3                           00002003
_LP_OSC                           00003FFC
_PWRTE_OFF                        00003FFF
_PWRTE_ON                         00003FF7
_RC_OSC                           00003FFF
_WDTE_OFF                         00003FFB
_WDTE_ON                          00003FFF
_WDT_OFF                          00003FFB
_WDT_ON                           00003FFF
_XT_OSC                           00003FFD
__16F84A                          00000001
__DEBUG                           1
main                              00000001
MPASM  5.51                          P2_1.ASM   7-22-2015  13:20:47         PAGE  7


MEMORY USAGE MAP ('X' = Used,  '-' = Unused)


0000 : XXXXXXXXXXXXXXXX XXXXXXXXXXXXXXXX XXXXXXXXXXXXXXXX XXXXX-----------
2000 : -------X-------- ---------------- ---------------- ----------------

All other memory blocks unused.

Program Memory Words Used:    53
Program Memory Words Free:   971


Errors   :     0
Warnings :     0 reported,     0 suppressed
Messages :     7 reported,     0 suppressed

